[ERROR] 2023-02-10 17:05:18.638 [main] Database - java.sql.SQLException: Column count doesn't match value count at row 1
[ERROR] 2023-02-10 17:05:19.927 [main] Database - java.sql.SQLException: Column count doesn't match value count at row 1
[ERROR] 2023-02-10 17:05:20.563 [main] Database - java.sql.SQLException: Column count doesn't match value count at row 1
[ERROR] 2023-02-10 17:09:06.460 [main] Database - java.sql.SQLException: Column count doesn't match value count at row 1
[ERROR] 2023-02-10 17:09:07.832 [main] Database - java.sql.SQLException: Column count doesn't match value count at row 1
[ERROR] 2023-02-10 17:09:08.377 [main] Database - java.sql.SQLException: Column count doesn't match value count at row 1
[DEBUG] 2023-02-12 12:07:27.837 [main] UserDaoTest - original user loaded
[DEBUG] 2023-02-12 12:07:27.847 [main] UserDaoTest - edited set to equal original
[DEBUG] 2023-02-12 12:07:27.847 [main] UserDaoTest - edited user_name updated
[DEBUG] 2023-02-12 12:07:28.043 [main] UserDaoTest - edited user written to database
[DEBUG] 2023-02-12 12:07:28.069 [main] UserDaoTest - edited user loaded
[DEBUG] 2023-02-12 12:08:22.162 [main] UserDaoTest - original user loaded
[DEBUG] 2023-02-12 12:08:22.163 [main] UserDaoTest - edited set to equal original
[DEBUG] 2023-02-12 12:08:22.163 [main] UserDaoTest - edited user_name updated
[DEBUG] 2023-02-12 12:08:22.310 [main] UserDaoTest - edited user written to database
[DEBUG] 2023-02-12 12:08:22.367 [main] UserDaoTest - edited user loaded
[DEBUG] 2023-02-12 12:09:00.717 [main] UserDaoTest - original user loaded
[DEBUG] 2023-02-12 12:09:00.735 [main] UserDaoTest - edited set to equal original
[DEBUG] 2023-02-12 12:09:00.735 [main] UserDaoTest - edited user_name updated
[DEBUG] 2023-02-12 12:09:00.915 [main] UserDaoTest - edited user written to database
[DEBUG] 2023-02-12 12:09:00.954 [main] UserDaoTest - edited user loaded
[DEBUG] 2023-02-12 12:09:26.969 [main] UserDaoTest - original user loaded
[DEBUG] 2023-02-12 12:09:26.976 [main] UserDaoTest - edited set to equal original
[DEBUG] 2023-02-12 12:09:26.977 [main] UserDaoTest - edited user_name updated
[DEBUG] 2023-02-12 12:09:27.201 [main] UserDaoTest - edited user written to database
[DEBUG] 2023-02-12 12:09:27.276 [main] UserDaoTest - edited user loaded
[DEBUG] 2023-02-12 12:09:51.392 [main] UserDaoTest - original user loaded
[DEBUG] 2023-02-12 12:09:51.397 [main] UserDaoTest - edited set to equal original
[DEBUG] 2023-02-12 12:09:51.397 [main] UserDaoTest - edited user_name updated
[DEBUG] 2023-02-12 12:09:51.669 [main] UserDaoTest - edited user written to database
[DEBUG] 2023-02-12 12:09:51.744 [main] UserDaoTest - edited user loaded
[DEBUG] 2023-02-12 12:18:38.872 [main] UserDaoTest - original user loaded
[DEBUG] 2023-02-12 12:18:38.875 [main] UserDaoTest - edited set to equal original
[DEBUG] 2023-02-12 12:18:38.875 [main] UserDaoTest - edited user_name updated
[DEBUG] 2023-02-12 12:18:39.111 [main] UserDaoTest - edited user written to database
[DEBUG] 2023-02-12 12:18:39.163 [main] UserDaoTest - edited user loaded
[DEBUG] 2023-02-12 12:41:36.640 [main] SeriesDaoTest - original series loaded
[DEBUG] 2023-02-12 12:41:36.641 [main] SeriesDaoTest - edited set to equal original
[DEBUG] 2023-02-12 12:41:36.641 [main] SeriesDaoTest - edited series_name updated
[DEBUG] 2023-02-12 12:41:36.715 [main] SeriesDaoTest - edited series written to database
[DEBUG] 2023-02-12 12:41:36.741 [main] SeriesDaoTest - edited series loaded
[ERROR] 2023-02-12 12:51:13.525 [main] Database - java.sql.SQLIntegrityConstraintViolationException: Cannot add or update a child row: a foreign key constraint fails (`app_test`.`episode`, CONSTRAINT `episode_series_season` FOREIGN KEY (`series_season_id`) REFERENCES `series_season` (`id`))
[ERROR] 2023-02-12 12:52:12.233 [main] Database - com.mysql.cj.jdbc.exceptions.MySQLTransactionRollbackException: Lock wait timeout exceeded; try restarting transaction
[ERROR] 2023-02-12 12:53:03.604 [main] Database - com.mysql.cj.jdbc.exceptions.MySQLTransactionRollbackException: Lock wait timeout exceeded; try restarting transaction
[ERROR] 2023-02-12 12:54:36.561 [main] Database - java.sql.SQLIntegrityConstraintViolationException: Cannot add or update a child row: a foreign key constraint fails (`app_test`.`episode`, CONSTRAINT `episode_series_season` FOREIGN KEY (`series_season_id`) REFERENCES `series_season` (`id`))
[ERROR] 2023-02-12 12:54:44.809 [main] Database - java.sql.SQLIntegrityConstraintViolationException: Cannot add or update a child row: a foreign key constraint fails (`app_test`.`episode`, CONSTRAINT `episode_series_season` FOREIGN KEY (`series_season_id`) REFERENCES `series_season` (`id`))
[ERROR] 2023-02-12 12:55:36.241 [main] Database - com.mysql.cj.jdbc.exceptions.MySQLTransactionRollbackException: Lock wait timeout exceeded; try restarting transaction
[DEBUG] 2023-02-12 12:55:36.265 [main] EpisodeDaoTest - original episode loaded
[DEBUG] 2023-02-12 12:55:36.265 [main] EpisodeDaoTest - edited set to equal original
[ERROR] 2023-02-12 13:07:03.931 [main] Database - java.sql.SQLIntegrityConstraintViolationException: Cannot add or update a child row: a foreign key constraint fails (`app_test`.`episode`, CONSTRAINT `episode_series_season` FOREIGN KEY (`series_season_id`) REFERENCES `series_season` (`id`))
[ERROR] 2023-02-12 13:07:11.877 [main] Database - java.sql.SQLIntegrityConstraintViolationException: Cannot add or update a child row: a foreign key constraint fails (`app_test`.`episode`, CONSTRAINT `episode_series_season` FOREIGN KEY (`series_season_id`) REFERENCES `series_season` (`id`))
[ERROR] 2023-02-12 13:08:03.155 [main] Database - com.mysql.cj.jdbc.exceptions.MySQLTransactionRollbackException: Lock wait timeout exceeded; try restarting transaction
[ERROR] 2023-02-12 13:13:08.648 [main] Database - java.sql.SQLIntegrityConstraintViolationException: Cannot add or update a child row: a foreign key constraint fails (`app_test`.`episode`, CONSTRAINT `episode_series_season` FOREIGN KEY (`series_season_id`) REFERENCES `series_season` (`id`))
[ERROR] 2023-02-12 13:13:20.424 [main] Database - java.sql.SQLIntegrityConstraintViolationException: Cannot add or update a child row: a foreign key constraint fails (`app_test`.`episode`, CONSTRAINT `episode_series_season` FOREIGN KEY (`series_season_id`) REFERENCES `series_season` (`id`))
[ERROR] 2023-02-12 13:14:11.734 [main] Database - com.mysql.cj.jdbc.exceptions.MySQLTransactionRollbackException: Lock wait timeout exceeded; try restarting transaction
[ERROR] 2023-02-12 13:16:07.885 [main] Database - java.sql.SQLIntegrityConstraintViolationException: Cannot add or update a child row: a foreign key constraint fails (`app_test`.`episode`, CONSTRAINT `episode_series_season` FOREIGN KEY (`series_season_id`) REFERENCES `series_season` (`id`))
[ERROR] 2023-02-12 13:16:15.245 [main] Database - java.sql.SQLIntegrityConstraintViolationException: Cannot add or update a child row: a foreign key constraint fails (`app_test`.`episode`, CONSTRAINT `episode_series_season` FOREIGN KEY (`series_season_id`) REFERENCES `series_season` (`id`))
[ERROR] 2023-02-12 13:17:06.477 [main] Database - com.mysql.cj.jdbc.exceptions.MySQLTransactionRollbackException: Lock wait timeout exceeded; try restarting transaction
[ERROR] 2023-02-12 13:46:33.564 [main] Database - java.sql.SQLIntegrityConstraintViolationException: Cannot add or update a child row: a foreign key constraint fails (`app_test`.`episode`, CONSTRAINT `episode_series_season` FOREIGN KEY (`series_season_id`) REFERENCES `series_season` (`id`))
[ERROR] 2023-02-12 13:46:46.937 [main] Database - java.sql.SQLIntegrityConstraintViolationException: Cannot add or update a child row: a foreign key constraint fails (`app_test`.`episode`, CONSTRAINT `episode_series_season` FOREIGN KEY (`series_season_id`) REFERENCES `series_season` (`id`))
[ERROR] 2023-02-12 13:47:38.450 [main] Database - com.mysql.cj.jdbc.exceptions.MySQLTransactionRollbackException: Lock wait timeout exceeded; try restarting transaction
[ERROR] 2023-02-12 13:48:24.974 [main] Database - java.sql.SQLIntegrityConstraintViolationException: Cannot add or update a child row: a foreign key constraint fails (`app_test`.`episode`, CONSTRAINT `episode_series_season` FOREIGN KEY (`series_season_id`) REFERENCES `series_season` (`id`))
[ERROR] 2023-02-12 13:48:35.278 [main] Database - java.sql.SQLIntegrityConstraintViolationException: Cannot add or update a child row: a foreign key constraint fails (`app_test`.`episode`, CONSTRAINT `episode_series_season` FOREIGN KEY (`series_season_id`) REFERENCES `series_season` (`id`))
[ERROR] 2023-02-12 13:49:26.712 [main] Database - com.mysql.cj.jdbc.exceptions.MySQLTransactionRollbackException: Lock wait timeout exceeded; try restarting transaction
[ERROR] 2023-02-12 13:50:38.399 [main] Database - java.sql.SQLSyntaxErrorException: Cannot truncate a table referenced in a foreign key constraint (`app_test`.`episode`, CONSTRAINT `episode_series_season`)
[ERROR] 2023-02-12 13:50:38.476 [main] Database - java.sql.SQLSyntaxErrorException: Cannot truncate a table referenced in a foreign key constraint (`app_test`.`viewing`, CONSTRAINT `viewing_episode`)
[ERROR] 2023-02-12 13:50:48.523 [main] Database - java.sql.SQLSyntaxErrorException: Cannot truncate a table referenced in a foreign key constraint (`app_test`.`episode`, CONSTRAINT `episode_series_season`)
[ERROR] 2023-02-12 13:50:48.607 [main] Database - java.sql.SQLSyntaxErrorException: Cannot truncate a table referenced in a foreign key constraint (`app_test`.`viewing`, CONSTRAINT `viewing_episode`)
[DEBUG] 2023-02-12 14:25:33.262 [main] UserDaoTest - original user loaded
[DEBUG] 2023-02-12 14:25:33.263 [main] UserDaoTest - edited set to equal original
[DEBUG] 2023-02-12 14:25:33.266 [main] UserDaoTest - edited user_name updated
[DEBUG] 2023-02-12 14:25:33.686 [main] UserDaoTest - edited user written to database
[DEBUG] 2023-02-12 14:25:33.751 [main] UserDaoTest - edited user loaded
[DEBUG] 2023-02-12 14:27:08.498 [main] SeriesDaoTest - original series loaded
[DEBUG] 2023-02-12 14:27:08.507 [main] SeriesDaoTest - edited set to equal original
[DEBUG] 2023-02-12 14:27:08.507 [main] SeriesDaoTest - edited series_name updated
[DEBUG] 2023-02-12 14:27:08.945 [main] SeriesDaoTest - edited series written to database
[DEBUG] 2023-02-12 14:27:09.085 [main] SeriesDaoTest - edited series loaded
[DEBUG] 2023-02-12 14:30:17.708 [main] SeriesDaoTest - original series loaded
[DEBUG] 2023-02-12 14:30:17.713 [main] SeriesDaoTest - edited set to equal original
[DEBUG] 2023-02-12 14:30:17.715 [main] SeriesDaoTest - edited series_name updated
[DEBUG] 2023-02-12 14:30:17.763 [main] SeriesDaoTest - edited series written to database
[DEBUG] 2023-02-12 14:30:17.790 [main] SeriesDaoTest - edited series loaded
[DEBUG] 2023-02-12 14:30:18.047 [main] UserDaoTest - original user loaded
[DEBUG] 2023-02-12 14:30:18.047 [main] UserDaoTest - edited set to equal original
[DEBUG] 2023-02-12 14:30:18.047 [main] UserDaoTest - edited user_name updated
[DEBUG] 2023-02-12 14:30:18.100 [main] UserDaoTest - edited user written to database
[DEBUG] 2023-02-12 14:30:18.121 [main] UserDaoTest - edited user loaded
[DEBUG] 2023-02-12 14:55:18.042 [main] SeriesDaoTest - original series loaded
[DEBUG] 2023-02-12 14:55:18.053 [main] SeriesDaoTest - edited set to equal original
[DEBUG] 2023-02-12 14:55:18.056 [main] SeriesDaoTest - edited series_name updated
[DEBUG] 2023-02-12 14:55:18.169 [main] SeriesDaoTest - edited series written to database
[DEBUG] 2023-02-12 14:55:18.227 [main] SeriesDaoTest - edited series loaded
[DEBUG] 2023-02-12 14:59:12.144 [main] SeriesDaoTest - original series loaded
[DEBUG] 2023-02-12 14:59:12.150 [main] SeriesDaoTest - edited set to equal original
[DEBUG] 2023-02-12 14:59:12.151 [main] SeriesDaoTest - edited series_name updated
[DEBUG] 2023-02-12 14:59:12.175 [main] SeriesDaoTest - edited series written to database
[DEBUG] 2023-02-12 14:59:12.190 [main] SeriesDaoTest - edited series loaded
[ERROR] 2023-02-14 11:42:16.229 [main] Database - java.sql.SQLException: Statement.executeUpdate() or Statement.executeLargeUpdate() cannot issue statements that produce result sets.
[ERROR] 2023-02-14 11:42:25.486 [main] Database - java.sql.SQLException: Statement.executeUpdate() or Statement.executeLargeUpdate() cannot issue statements that produce result sets.
[ERROR] 2023-02-14 11:42:25.917 [main] Database - java.sql.SQLException: Statement.executeUpdate() or Statement.executeLargeUpdate() cannot issue statements that produce result sets.
[ERROR] 2023-02-14 11:42:26.479 [main] Database - java.sql.SQLException: Statement.executeUpdate() or Statement.executeLargeUpdate() cannot issue statements that produce result sets.
[ERROR] 2023-02-14 11:42:26.688 [main] Database - java.sql.SQLException: Statement.executeUpdate() or Statement.executeLargeUpdate() cannot issue statements that produce result sets.
[ERROR] 2023-02-14 11:43:29.490 [main] Database - java.sql.SQLException: Statement.executeUpdate() or Statement.executeLargeUpdate() cannot issue statements that produce result sets.
[ERROR] 2023-02-14 11:43:39.473 [main] Database - java.sql.SQLException: Statement.executeUpdate() or Statement.executeLargeUpdate() cannot issue statements that produce result sets.
[ERROR] 2023-02-14 11:43:39.940 [main] Database - java.sql.SQLException: Statement.executeUpdate() or Statement.executeLargeUpdate() cannot issue statements that produce result sets.
[ERROR] 2023-02-14 11:43:40.241 [main] Database - java.sql.SQLException: Statement.executeUpdate() or Statement.executeLargeUpdate() cannot issue statements that produce result sets.
[ERROR] 2023-02-14 11:43:40.387 [main] Database - java.sql.SQLException: Statement.executeUpdate() or Statement.executeLargeUpdate() cannot issue statements that produce result sets.
[ERROR] 2023-02-14 11:46:34.087 [main] Database - java.sql.SQLException: Statement.executeUpdate() or Statement.executeLargeUpdate() cannot issue statements that produce result sets.
[ERROR] 2023-02-14 11:46:42.610 [main] Database - java.sql.SQLException: Statement.executeUpdate() or Statement.executeLargeUpdate() cannot issue statements that produce result sets.
[ERROR] 2023-02-14 11:46:42.966 [main] Database - java.sql.SQLException: Statement.executeUpdate() or Statement.executeLargeUpdate() cannot issue statements that produce result sets.
[ERROR] 2023-02-14 11:46:43.204 [main] Database - java.sql.SQLException: Statement.executeUpdate() or Statement.executeLargeUpdate() cannot issue statements that produce result sets.
[ERROR] 2023-02-14 11:46:43.362 [main] Database - java.sql.SQLException: Statement.executeUpdate() or Statement.executeLargeUpdate() cannot issue statements that produce result sets.
[ERROR] 2023-02-14 11:52:29.654 [main] Database - java.sql.SQLException: Statement.executeUpdate() or Statement.executeLargeUpdate() cannot issue statements that produce result sets.
[ERROR] 2023-02-14 11:52:38.325 [main] Database - java.sql.SQLException: Statement.executeUpdate() or Statement.executeLargeUpdate() cannot issue statements that produce result sets.
[ERROR] 2023-02-14 11:52:38.803 [main] Database - java.sql.SQLException: Statement.executeUpdate() or Statement.executeLargeUpdate() cannot issue statements that produce result sets.
[ERROR] 2023-02-14 11:52:38.995 [main] Database - java.sql.SQLException: Statement.executeUpdate() or Statement.executeLargeUpdate() cannot issue statements that produce result sets.
[ERROR] 2023-02-14 11:52:39.132 [main] Database - java.sql.SQLException: Statement.executeUpdate() or Statement.executeLargeUpdate() cannot issue statements that produce result sets.
[ERROR] 2023-02-14 11:54:08.373 [main] Database - java.sql.SQLException: Statement.executeUpdate() or Statement.executeLargeUpdate() cannot issue statements that produce result sets.
[ERROR] 2023-02-14 11:54:16.009 [main] Database - java.sql.SQLException: Statement.executeUpdate() or Statement.executeLargeUpdate() cannot issue statements that produce result sets.
[ERROR] 2023-02-14 11:54:16.292 [main] Database - java.sql.SQLException: Statement.executeUpdate() or Statement.executeLargeUpdate() cannot issue statements that produce result sets.
[ERROR] 2023-02-14 11:54:16.462 [main] Database - java.sql.SQLException: Statement.executeUpdate() or Statement.executeLargeUpdate() cannot issue statements that produce result sets.
[ERROR] 2023-02-14 11:54:16.550 [main] Database - java.sql.SQLException: Statement.executeUpdate() or Statement.executeLargeUpdate() cannot issue statements that produce result sets.
[ERROR] 2023-02-14 11:57:02.848 [main] Database - java.sql.SQLException: Statement.executeUpdate() or Statement.executeLargeUpdate() cannot issue statements that produce result sets.
[ERROR] 2023-02-14 11:57:11.641 [main] Database - java.sql.SQLException: Statement.executeUpdate() or Statement.executeLargeUpdate() cannot issue statements that produce result sets.
[ERROR] 2023-02-14 11:57:12.092 [main] Database - java.sql.SQLException: Statement.executeUpdate() or Statement.executeLargeUpdate() cannot issue statements that produce result sets.
[ERROR] 2023-02-14 11:57:12.259 [main] Database - java.sql.SQLException: Statement.executeUpdate() or Statement.executeLargeUpdate() cannot issue statements that produce result sets.
[ERROR] 2023-02-14 11:57:12.411 [main] Database - java.sql.SQLException: Statement.executeUpdate() or Statement.executeLargeUpdate() cannot issue statements that produce result sets.
[ERROR] 2023-02-14 11:57:50.829 [main] Database - java.sql.SQLException: Statement.executeUpdate() or Statement.executeLargeUpdate() cannot issue statements that produce result sets.
[ERROR] 2023-02-14 11:57:58.975 [main] Database - java.sql.SQLException: Statement.executeUpdate() or Statement.executeLargeUpdate() cannot issue statements that produce result sets.
[ERROR] 2023-02-14 11:57:59.507 [main] Database - java.sql.SQLException: Statement.executeUpdate() or Statement.executeLargeUpdate() cannot issue statements that produce result sets.
[ERROR] 2023-02-14 11:57:59.720 [main] Database - java.sql.SQLException: Statement.executeUpdate() or Statement.executeLargeUpdate() cannot issue statements that produce result sets.
[ERROR] 2023-02-14 11:57:59.848 [main] Database - java.sql.SQLException: Statement.executeUpdate() or Statement.executeLargeUpdate() cannot issue statements that produce result sets.
[ERROR] 2023-02-14 11:58:42.567 [main] Database - java.sql.SQLException: Statement.executeUpdate() or Statement.executeLargeUpdate() cannot issue statements that produce result sets.
[ERROR] 2023-02-14 11:58:51.005 [main] Database - java.sql.SQLException: Statement.executeUpdate() or Statement.executeLargeUpdate() cannot issue statements that produce result sets.
[ERROR] 2023-02-14 11:58:51.395 [main] Database - java.sql.SQLException: Statement.executeUpdate() or Statement.executeLargeUpdate() cannot issue statements that produce result sets.
[ERROR] 2023-02-14 11:58:51.498 [main] Database - java.sql.SQLException: Statement.executeUpdate() or Statement.executeLargeUpdate() cannot issue statements that produce result sets.
[ERROR] 2023-02-14 11:58:51.597 [main] Database - java.sql.SQLException: Statement.executeUpdate() or Statement.executeLargeUpdate() cannot issue statements that produce result sets.
[ERROR] 2023-02-14 12:04:13.144 [main] Database - java.sql.SQLException: Statement.executeUpdate() or Statement.executeLargeUpdate() cannot issue statements that produce result sets.
[ERROR] 2023-02-14 12:04:24.617 [main] Database - java.sql.SQLException: Statement.executeUpdate() or Statement.executeLargeUpdate() cannot issue statements that produce result sets.
[ERROR] 2023-02-14 12:04:25.003 [main] Database - java.sql.SQLException: Statement.executeUpdate() or Statement.executeLargeUpdate() cannot issue statements that produce result sets.
[ERROR] 2023-02-14 12:04:25.163 [main] Database - java.sql.SQLException: Statement.executeUpdate() or Statement.executeLargeUpdate() cannot issue statements that produce result sets.
[ERROR] 2023-02-14 12:04:25.263 [main] Database - java.sql.SQLException: Statement.executeUpdate() or Statement.executeLargeUpdate() cannot issue statements that produce result sets.
[ERROR] 2023-02-14 12:05:10.064 [main] Database - java.sql.SQLException: Statement.executeUpdate() or Statement.executeLargeUpdate() cannot issue statements that produce result sets.
[ERROR] 2023-02-14 12:05:18.877 [main] Database - java.sql.SQLException: Statement.executeUpdate() or Statement.executeLargeUpdate() cannot issue statements that produce result sets.
[ERROR] 2023-02-14 12:05:19.446 [main] Database - java.sql.SQLException: Statement.executeUpdate() or Statement.executeLargeUpdate() cannot issue statements that produce result sets.
[ERROR] 2023-02-14 12:05:19.632 [main] Database - java.sql.SQLException: Statement.executeUpdate() or Statement.executeLargeUpdate() cannot issue statements that produce result sets.
[ERROR] 2023-02-14 12:05:19.739 [main] Database - java.sql.SQLException: Statement.executeUpdate() or Statement.executeLargeUpdate() cannot issue statements that produce result sets.
[ERROR] 2023-02-14 12:06:04.104 [main] Database - java.sql.SQLException: Statement.executeUpdate() or Statement.executeLargeUpdate() cannot issue statements that produce result sets.
[ERROR] 2023-02-14 12:06:12.685 [main] Database - java.sql.SQLException: Statement.executeUpdate() or Statement.executeLargeUpdate() cannot issue statements that produce result sets.
[ERROR] 2023-02-14 12:06:13.112 [main] Database - java.sql.SQLException: Statement.executeUpdate() or Statement.executeLargeUpdate() cannot issue statements that produce result sets.
[ERROR] 2023-02-14 12:06:13.276 [main] Database - java.sql.SQLException: Statement.executeUpdate() or Statement.executeLargeUpdate() cannot issue statements that produce result sets.
[ERROR] 2023-02-14 12:06:13.383 [main] Database - java.sql.SQLException: Statement.executeUpdate() or Statement.executeLargeUpdate() cannot issue statements that produce result sets.
[ERROR] 2023-02-14 12:09:32.497 [main] Database - java.sql.SQLException: Statement.executeUpdate() or Statement.executeLargeUpdate() cannot issue statements that produce result sets.
[ERROR] 2023-02-14 12:09:40.244 [main] Database - java.sql.SQLException: Statement.executeUpdate() or Statement.executeLargeUpdate() cannot issue statements that produce result sets.
[ERROR] 2023-02-14 12:09:40.563 [main] Database - java.sql.SQLException: Statement.executeUpdate() or Statement.executeLargeUpdate() cannot issue statements that produce result sets.
[ERROR] 2023-02-14 12:09:40.702 [main] Database - java.sql.SQLException: Statement.executeUpdate() or Statement.executeLargeUpdate() cannot issue statements that produce result sets.
[ERROR] 2023-02-14 12:09:40.822 [main] Database - java.sql.SQLException: Statement.executeUpdate() or Statement.executeLargeUpdate() cannot issue statements that produce result sets.
[ERROR] 2023-02-14 12:14:56.873 [main] Database - java.sql.SQLException: Statement.executeUpdate() or Statement.executeLargeUpdate() cannot issue statements that produce result sets.
[ERROR] 2023-02-14 12:15:05.712 [main] Database - java.sql.SQLException: Statement.executeUpdate() or Statement.executeLargeUpdate() cannot issue statements that produce result sets.
[ERROR] 2023-02-14 12:15:06.129 [main] Database - java.sql.SQLException: Statement.executeUpdate() or Statement.executeLargeUpdate() cannot issue statements that produce result sets.
[ERROR] 2023-02-14 12:15:06.281 [main] Database - java.sql.SQLException: Statement.executeUpdate() or Statement.executeLargeUpdate() cannot issue statements that produce result sets.
[ERROR] 2023-02-14 12:15:06.445 [main] Database - java.sql.SQLException: Statement.executeUpdate() or Statement.executeLargeUpdate() cannot issue statements that produce result sets.
[TRACE] 2023-02-14 12:22:26.588 [main] RoleDaoTest - Role{id=8, roleName='Clown'}
[TRACE] 2023-02-14 12:22:26.592 [main] RoleDaoTest - Role{id=8, roleName='Executive'}
[TRACE] 2023-02-14 12:22:26.718 [main] RoleDaoTest - Role{id=8, roleName='Executive'}
[TRACE] 2023-02-14 12:27:25.103 [main] RoleDaoTest - Role{id=8, roleName='Clown'}
[TRACE] 2023-02-14 12:27:25.120 [main] RoleDaoTest - Role{id=8, roleName='Clown'}
[TRACE] 2023-02-14 12:27:25.121 [main] RoleDaoTest - Role{id=8, roleName='Executive'}
[TRACE] 2023-02-14 12:27:25.289 [main] RoleDaoTest - Role{id=8, roleName='Executive'}
[TRACE] 2023-02-14 12:35:27.240 [main] RoleDaoTest - Role{id=8, roleName='Clown'}
[TRACE] 2023-02-14 12:35:27.242 [main] RoleDaoTest - Role{id=8, roleName='Clown'}
[TRACE] 2023-02-14 12:35:27.242 [main] RoleDaoTest - Role{id=8, roleName='Executive'}
[TRACE] 2023-02-14 12:35:27.543 [main] RoleDaoTest - Role{id=8, roleName='Executive'}
[TRACE] 2023-02-14 12:36:46.765 [main] RoleDaoTest - Role{id=8, roleName='Clown'}
[TRACE] 2023-02-14 12:36:46.768 [main] RoleDaoTest - Role{id=8, roleName='Clown'}
[TRACE] 2023-02-14 12:36:46.769 [main] RoleDaoTest - Role{id=8, roleName='Executive'}
[TRACE] 2023-02-14 12:36:46.984 [main] RoleDaoTest - Role{id=8, roleName='Executive'}
[INFO ] 2023-02-14 14:44:04.990 [main] SynopsisDaoTest - So much happening
[INFO ] 2023-02-14 14:44:04.991 [main] SynopsisDaoTest - So much happening
[INFO ] 2023-02-14 14:44:04.991 [main] SynopsisDaoTest - They just chill for a while
[INFO ] 2023-02-14 14:44:05.020 [main] SynopsisDaoTest - They just chill for a while
[INFO ] 2023-02-14 14:45:17.590 [main] SynopsisDaoTest - So much happening
[INFO ] 2023-02-14 14:45:17.592 [main] SynopsisDaoTest - So much happening
[INFO ] 2023-02-14 14:45:17.595 [main] SynopsisDaoTest - They just chill for a while
[INFO ] 2023-02-14 14:45:17.621 [main] SynopsisDaoTest - They just chill for a while
